[ 2017-12-29T12:41:22+08:00 ] 127.0.0.1 /beacon.js
INFO: [ app_init ] --START--
INFO: Run Behavior\BuildLiteBehavior [ RunTime:0.000000s ]
INFO: [ app_init ] --END-- [ RunTime:0.015001s ]
ERR: 无法加载模块:Beacon

[ 2017-12-29T13:21:20+08:00 ] 127.0.0.1 /beacon.js
INFO: [ app_init ] --START--
INFO: Run Behavior\BuildLiteBehavior [ RunTime:0.000000s ]
INFO: [ app_init ] --END-- [ RunTime:0.002000s ]
ERR: 无法加载模块:Beacon

[ 2017-12-29T13:22:03+08:00 ] 127.0.0.1 /rs/vce_st.js
INFO: [ app_init ] --START--
INFO: Run Behavior\BuildLiteBehavior [ RunTime:0.000000s ]
INFO: [ app_init ] --END-- [ RunTime:0.000000s ]
ERR: 无法加载模块:Rs

[ 2017-12-29T13:22:04+08:00 ] 127.0.0.1 /p?ns__t=1514524923037&ns__c=GBK&c1=3&c3=11221687&c4=63856515&c5=149502249&c6=&c10=1&c11=734094&c13=760x90&c16=dcm&c2=22434340&ax_iframe=2&ns_ce_sv=5.1608.18&ns_ce_mod=vce_st&ns_ad_event=load&c8=&c7=http%3A%2F%2Fwww.zol.com.cn%2F&c9=http%3A%2F%2Fstat.zol.com.cn%2Fcgrs.html%3Fadrs%3De1h9Ly93d3cuem9sLmNvbS5jbi97WH16b2x7WH0w%26adcode%3DPFNDUklQVCBsYW5ndWFnZT1cJ0phdmFTY3JpcHQxLjFcJyBTUkM9XCJodHRwOlwvXC9hZC5kb3VibGVjbGljay5uZXRcL2RkbVwvYWRqXC9ONTc1MS4xMzg3NTkuNzUwNTYyNzYwNjMyMVwvQjExMjIxNjg3LjE0OTUwMjI0OTtzej03NjB4OTA7b3JkPVt0aW1lc3RhbXBdP1wiPg0KPFwvU0NSSVBUPg0KPE5PU0NSSVBUPg0KPEEgSFJFRj1cImh0dHA6XC9cL2FkLmRvdWJsZWNsaWNrLm5ldFwvZGRtXC9qdW1wXC9ONTc1MS4xMzg3NTkuNzUwNTYyNzYwNjMyMVwvQjExMjIxNjg3LjE0OTUwMjI0OTtzej03NjB4OTA7b3JkPVt0aW1lc3RhbXBdP1wiPg0KPElNRyBTUkM9XCJodHRwOlwvXC9hZC5kb3VibGVjbGljay5uZXRcL2RkbVwvYWRcL041NzUxLjEzODc1OS43NTA1NjI3NjA2MzIxXC9CMTEyMjE2ODcuMTQ5NTAyMjQ5O3N6PTc2MHg5MDtvcmQ9W3RpbWVzdGFtcF0%2FXCIgQk9SREVSPTAgV0lEVEg9NzYwIEhFSUdIVD05MCBBTFQ9XCJBZHZlcnRpc2VtZW50XCI%2BPFwvQT4NCjxcL05PU0NSSVBUPg%3D%3D%26mr%3D1925403680
INFO: [ app_init ] --START--
INFO: Run Behavior\BuildLiteBehavior [ RunTime:0.000000s ]
INFO: [ app_init ] --END-- [ RunTime:0.001000s ]
ERR: 无法加载模块:P

[ 2017-12-29T17:43:17+08:00 ] 127.0.0.1 /en_US/sdk.js
INFO: [ app_init ] --START--
INFO: Run Behavior\BuildLiteBehavior [ RunTime:0.000000s ]
INFO: [ app_init ] --END-- [ RunTime:0.000000s ]
ERR: 无法加载模块:En_US

[ 2017-12-29T17:45:10+08:00 ] 127.0.0.1 /b?c1=2&c2=17330952&ns__t=1514540709517&ns_c=UTF-8&c8=Product%20News%20-%20%CE%BCTorrent%C2%AE%20(uTorrent)%20-%20a%20(very)%20tiny%20BitTorrent%20client&c7=http%3A%2F%2Fwww.utorrent.com%2Fintl%2Fzh%2Fprodnews%3Fuid%3D%26v%3D3.5.1.1.44332&c9=http%3A%2F%2Fwww.utorrent.com%2Fprodnews%3Fuid%3D%26v%3D3.5.1.1.44332
INFO: [ app_init ] --START--
INFO: Run Behavior\BuildLiteBehavior [ RunTime:0.001000s ]
INFO: [ app_init ] --END-- [ RunTime:0.001000s ]
ERR: 无法加载模块:B

[ 2017-12-29T17:45:36+08:00 ] 127.0.0.1 /c2/17330952/cs.js
INFO: [ app_init ] --START--
INFO: Run Behavior\BuildLiteBehavior [ RunTime:0.000000s ]
INFO: [ app_init ] --END-- [ RunTime:0.001000s ]
ERR: 无法加载模块:C2

[ 2017-12-29T17:45:43+08:00 ] 127.0.0.1 /en_US/fbevents.js
INFO: [ app_init ] --START--
INFO: Run Behavior\BuildLiteBehavior [ RunTime:0.000000s ]
INFO: [ app_init ] --END-- [ RunTime:0.000000s ]
ERR: 无法加载模块:En_US

